<?xml version="1.0" encoding="utf-8" ?>
<!DOCTYPE html PUBLIC "-//W3C//DTD XHTML 1.0 Strict//EN"
        "http://www.w3.org/TR/xhtml1/DTD/xhtml1-strict.dtd">
<html xmlns="http://www.w3.org/1999/xhtml" xml:lang="" lang="">
<head>
  <title>Test Results Report - Bank Test</title>
  <meta http-equiv="Content-Type" content="text/html;charset=utf-8" />
  <meta name="description" content="TestNG unit test results." />
  <link href="reportng.css" rel="stylesheet" type="text/css" />
    <script type="text/javascript" src="reportng.js"></script>
</head>
<body>
<h1>Bank Test</h1>
<p>
  Test duration: 45.146s
</p>



  <table class="resultsTable">
    <tr><th colspan="3" class="header failed">Failed Tests</th></tr>
          <tr>
        <td colspan="3" class="group">com.xyz.bank.demo.testsuite.BankTest</td>
      </tr>
            
<tr>
  <td class="method">
                  customerShouldDepositMoneySucessfully
      </td>
  <td class="duration">
    20.923s
  </td>
  <td class="result">
        
    
            <div class="testOutput">
                        Click On Customer Login [[ChromeDriver: chrome on windows (d263aa0daaee8803dfeb82fc6df9e79e)] -&gt; xpath: //button[contains(text(),&apos;Customer Login&apos;)]]<br />
                  </div>
    

        <a href="javascript:toggleElement('exception-0', 'block')" title="Click to expand/collapse"><b>org.openqa.selenium.ElementNotInteractableException: element not interactable<br/>
&nbsp; (Session info: chrome=114.0.5735.199)<br/>
Build info: version: &apos;4.10.0&apos;, revision: &apos;c14d967899&apos;<br/>
System info: os.name: &apos;Windows 10&apos;, os.arch: &apos;amd64&apos;, os.version: &apos;10.0&apos;, java.version: &apos;1.8.0_121&apos;<br/>
Driver info: org.openqa.selenium.chrome.ChromeDriver<br/>
Command: [d263aa0daaee8803dfeb82fc6df9e79e, clickElement {id=CFE1D31F18364D12FAAD991F4CA872D4_element_6}]<br/>
Capabilities {acceptInsecureCerts: false, browserName: chrome, browserVersion: 114.0.5735.199, chrome: {chromedriverVersion: 114.0.5735.90 (386bc09e8f4f..., userDataDir: C:\Users\aarti\AppData\Loca...}, goog:chromeOptions: {debuggerAddress: localhost:52406}, networkConnectionEnabled: false, pageLoadStrategy: normal, platformName: windows, proxy: Proxy(), se:cdp: ws://localhost:52406/devtoo..., se:cdpVersion: 114.0.5735.199, setWindowRect: true, strictFileInteractability: false, timeouts: {implicit: 0, pageLoad: 300000, script: 30000}, unhandledPromptBehavior: dismiss and notify, webauthn:extension:credBlob: true, webauthn:extension:largeBlob: true, webauthn:extension:minPinLength: true, webauthn:extension:prf: true, webauthn:virtualAuthenticators: true}<br/>
Element: [[ChromeDriver: chrome on windows (d263aa0daaee8803dfeb82fc6df9e79e)] -&gt; xpath: //button[@type=&apos;submit&apos;]]<br/>
Session ID: d263aa0daaee8803dfeb82fc6df9e79e</b></a><br />
    <div class="stackTrace" id="exception-0">
              sun.reflect.NativeConstructorAccessorImpl.newInstance0(Native Method)<br />
              sun.reflect.NativeConstructorAccessorImpl.newInstance(NativeConstructorAccessorImpl.java:62)<br />
              sun.reflect.DelegatingConstructorAccessorImpl.newInstance(DelegatingConstructorAccessorImpl.java:45)<br />
              java.lang.reflect.Constructor.newInstance(Constructor.java:423)<br />
              org.openqa.selenium.remote.codec.w3c.W3CHttpResponseCodec.createException(W3CHttpResponseCodec.java:199)<br />
              org.openqa.selenium.remote.codec.w3c.W3CHttpResponseCodec.decode(W3CHttpResponseCodec.java:132)<br />
              org.openqa.selenium.remote.codec.w3c.W3CHttpResponseCodec.decode(W3CHttpResponseCodec.java:51)<br />
              org.openqa.selenium.remote.HttpCommandExecutor.execute(HttpCommandExecutor.java:191)<br />
              org.openqa.selenium.remote.service.DriverCommandExecutor.invokeExecute(DriverCommandExecutor.java:196)<br />
              org.openqa.selenium.remote.service.DriverCommandExecutor.execute(DriverCommandExecutor.java:171)<br />
              org.openqa.selenium.remote.RemoteWebDriver.execute(RemoteWebDriver.java:531)<br />
              org.openqa.selenium.remote.RemoteWebElement.execute(RemoteWebElement.java:242)<br />
              org.openqa.selenium.remote.RemoteWebElement.click(RemoteWebElement.java:77)<br />
              sun.reflect.NativeMethodAccessorImpl.invoke0(Native Method)<br />
              sun.reflect.NativeMethodAccessorImpl.invoke(NativeMethodAccessorImpl.java:62)<br />
              sun.reflect.DelegatingMethodAccessorImpl.invoke(DelegatingMethodAccessorImpl.java:43)<br />
              java.lang.reflect.Method.invoke(Method.java:498)<br />
              org.openqa.selenium.support.pagefactory.internal.LocatingElementHandler.invoke(LocatingElementHandler.java:51)<br />
              com.sun.proxy.$Proxy16.click(Unknown Source)<br />
              com.xyz.bank.demo.utility.Utility.clickOnElement(Utility.java:55)<br />
              com.xyz.bank.demo.pages.CustomerLoginPage.clickOnLoginButton(CustomerLoginPage.java:53)<br />
              com.xyz.bank.demo.testsuite.BankTest.customerShouldDepositMoneySucessfully(BankTest.java:73)<br />
              sun.reflect.NativeMethodAccessorImpl.invoke0(Native Method)<br />
              sun.reflect.NativeMethodAccessorImpl.invoke(NativeMethodAccessorImpl.java:62)<br />
              sun.reflect.DelegatingMethodAccessorImpl.invoke(DelegatingMethodAccessorImpl.java:43)<br />
              java.lang.reflect.Method.invoke(Method.java:498)<br />
              org.testng.internal.invokers.MethodInvocationHelper.invokeMethod(MethodInvocationHelper.java:135)<br />
              org.testng.internal.invokers.TestInvoker.invokeMethod(TestInvoker.java:673)<br />
              org.testng.internal.invokers.TestInvoker.invokeTestMethod(TestInvoker.java:220)<br />
              org.testng.internal.invokers.MethodRunner.runInSequence(MethodRunner.java:50)<br />
              org.testng.internal.invokers.TestInvoker$MethodInvocationAgent.invoke(TestInvoker.java:945)<br />
              org.testng.internal.invokers.TestInvoker.invokeTestMethods(TestInvoker.java:193)<br />
              org.testng.internal.invokers.TestMethodWorker.invokeTestMethods(TestMethodWorker.java:146)<br />
              org.testng.internal.invokers.TestMethodWorker.run(TestMethodWorker.java:128)<br />
              java.util.ArrayList.forEach(ArrayList.java:1249)<br />
              org.testng.TestRunner.privateRun(TestRunner.java:808)<br />
              org.testng.TestRunner.run(TestRunner.java:603)<br />
              org.testng.SuiteRunner.runTest(SuiteRunner.java:429)<br />
              org.testng.SuiteRunner.runSequentially(SuiteRunner.java:423)<br />
              org.testng.SuiteRunner.privateRun(SuiteRunner.java:383)<br />
              org.testng.SuiteRunner.run(SuiteRunner.java:326)<br />
              org.testng.SuiteRunnerWorker.runSuite(SuiteRunnerWorker.java:52)<br />
              org.testng.SuiteRunnerWorker.run(SuiteRunnerWorker.java:95)<br />
              org.testng.TestNG.runSuitesSequentially(TestNG.java:1249)<br />
              org.testng.TestNG.runSuitesLocally(TestNG.java:1169)<br />
              org.testng.TestNG.runSuites(TestNG.java:1092)<br />
              org.testng.TestNG.run(TestNG.java:1060)<br />
              com.intellij.rt.testng.IDEARemoteTestNG.run(IDEARemoteTestNG.java:66)<br />
              com.intellij.rt.testng.RemoteTestNGStarter.main(RemoteTestNGStarter.java:105)<br />
                </div>
      </td>
</tr>
<tr>
  <td class="method">
                  customerShouldLoginAndLogoutSuceessfully
      </td>
  <td class="duration">
    1.149s
  </td>
  <td class="result">
        
    
            <div class="testOutput">
                        Click On Customer Login [[ChromeDriver: chrome on windows (cdcd18c09696b2a4c1cfb2bbbb7094f3)] -&gt; xpath: //button[contains(text(),&apos;Customer Login&apos;)]]<br />
                                Select Customer Name[[ChromeDriver: chrome on windows (cdcd18c09696b2a4c1cfb2bbbb7094f3)] -&gt; xpath: //select[@id=&apos;userSelect&apos;]]<br />
                                Click On Login Button[[ChromeDriver: chrome on windows (cdcd18c09696b2a4c1cfb2bbbb7094f3)] -&gt; xpath: //button[@type=&apos;submit&apos;]]<br />
                                Click On LogOut Button[[ChromeDriver: chrome on windows (cdcd18c09696b2a4c1cfb2bbbb7094f3)] -&gt; xpath: //label[contains(text(),&apos;Your Name :&apos;)]]<br />
                  </div>
    

        <a href="javascript:toggleElement('exception-1', 'block')" title="Click to expand/collapse"><b>org.openqa.selenium.NoAlertPresentException: no such alert<br/>
&nbsp; (Session info: chrome=114.0.5735.199)<br/>
Build info: version: &apos;4.10.0&apos;, revision: &apos;c14d967899&apos;<br/>
System info: os.name: &apos;Windows 10&apos;, os.arch: &apos;amd64&apos;, os.version: &apos;10.0&apos;, java.version: &apos;1.8.0_121&apos;<br/>
Driver info: org.openqa.selenium.chrome.ChromeDriver<br/>
Command: [cdcd18c09696b2a4c1cfb2bbbb7094f3, getAlertText {}]<br/>
Capabilities {acceptInsecureCerts: false, browserName: chrome, browserVersion: 114.0.5735.199, chrome: {chromedriverVersion: 114.0.5735.90 (386bc09e8f4f..., userDataDir: C:\Users\aarti\AppData\Loca...}, goog:chromeOptions: {debuggerAddress: localhost:52440}, networkConnectionEnabled: false, pageLoadStrategy: normal, platformName: windows, proxy: Proxy(), se:cdp: ws://localhost:52440/devtoo..., se:cdpVersion: 114.0.5735.199, setWindowRect: true, strictFileInteractability: false, timeouts: {implicit: 0, pageLoad: 300000, script: 30000}, unhandledPromptBehavior: dismiss and notify, webauthn:extension:credBlob: true, webauthn:extension:largeBlob: true, webauthn:extension:minPinLength: true, webauthn:extension:prf: true, webauthn:virtualAuthenticators: true}<br/>
Session ID: cdcd18c09696b2a4c1cfb2bbbb7094f3</b></a><br />
    <div class="stackTrace" id="exception-1">
              sun.reflect.NativeConstructorAccessorImpl.newInstance0(Native Method)<br />
              sun.reflect.NativeConstructorAccessorImpl.newInstance(NativeConstructorAccessorImpl.java:62)<br />
              sun.reflect.DelegatingConstructorAccessorImpl.newInstance(DelegatingConstructorAccessorImpl.java:45)<br />
              java.lang.reflect.Constructor.newInstance(Constructor.java:423)<br />
              org.openqa.selenium.remote.codec.w3c.W3CHttpResponseCodec.createException(W3CHttpResponseCodec.java:199)<br />
              org.openqa.selenium.remote.codec.w3c.W3CHttpResponseCodec.decode(W3CHttpResponseCodec.java:132)<br />
              org.openqa.selenium.remote.codec.w3c.W3CHttpResponseCodec.decode(W3CHttpResponseCodec.java:51)<br />
              org.openqa.selenium.remote.HttpCommandExecutor.execute(HttpCommandExecutor.java:191)<br />
              org.openqa.selenium.remote.service.DriverCommandExecutor.invokeExecute(DriverCommandExecutor.java:196)<br />
              org.openqa.selenium.remote.service.DriverCommandExecutor.execute(DriverCommandExecutor.java:171)<br />
              org.openqa.selenium.remote.RemoteWebDriver.execute(RemoteWebDriver.java:531)<br />
              org.openqa.selenium.remote.RemoteWebDriver.execute(RemoteWebDriver.java:590)<br />
              org.openqa.selenium.remote.RemoteWebDriver.execute(RemoteWebDriver.java:594)<br />
              org.openqa.selenium.remote.RemoteWebDriver$RemoteTargetLocator.alert(RemoteWebDriver.java:1084)<br />
              com.xyz.bank.demo.utility.Utility.acceptAlert(Utility.java:113)<br />
              com.xyz.bank.demo.pages.CustomerLoginPage.clickAlert(CustomerLoginPage.java:66)<br />
              com.xyz.bank.demo.testsuite.BankTest.customerShouldLoginAndLogoutSuceessfully(BankTest.java:67)<br />
              sun.reflect.NativeMethodAccessorImpl.invoke0(Native Method)<br />
              sun.reflect.NativeMethodAccessorImpl.invoke(NativeMethodAccessorImpl.java:62)<br />
              sun.reflect.DelegatingMethodAccessorImpl.invoke(DelegatingMethodAccessorImpl.java:43)<br />
              java.lang.reflect.Method.invoke(Method.java:498)<br />
              org.testng.internal.invokers.MethodInvocationHelper.invokeMethod(MethodInvocationHelper.java:135)<br />
              org.testng.internal.invokers.TestInvoker.invokeMethod(TestInvoker.java:673)<br />
              org.testng.internal.invokers.TestInvoker.invokeTestMethod(TestInvoker.java:220)<br />
              org.testng.internal.invokers.MethodRunner.runInSequence(MethodRunner.java:50)<br />
              org.testng.internal.invokers.TestInvoker$MethodInvocationAgent.invoke(TestInvoker.java:945)<br />
              org.testng.internal.invokers.TestInvoker.invokeTestMethods(TestInvoker.java:193)<br />
              org.testng.internal.invokers.TestMethodWorker.invokeTestMethods(TestMethodWorker.java:146)<br />
              org.testng.internal.invokers.TestMethodWorker.run(TestMethodWorker.java:128)<br />
              java.util.ArrayList.forEach(ArrayList.java:1249)<br />
              org.testng.TestRunner.privateRun(TestRunner.java:808)<br />
              org.testng.TestRunner.run(TestRunner.java:603)<br />
              org.testng.SuiteRunner.runTest(SuiteRunner.java:429)<br />
              org.testng.SuiteRunner.runSequentially(SuiteRunner.java:423)<br />
              org.testng.SuiteRunner.privateRun(SuiteRunner.java:383)<br />
              org.testng.SuiteRunner.run(SuiteRunner.java:326)<br />
              org.testng.SuiteRunnerWorker.runSuite(SuiteRunnerWorker.java:52)<br />
              org.testng.SuiteRunnerWorker.run(SuiteRunnerWorker.java:95)<br />
              org.testng.TestNG.runSuitesSequentially(TestNG.java:1249)<br />
              org.testng.TestNG.runSuitesLocally(TestNG.java:1169)<br />
              org.testng.TestNG.runSuites(TestNG.java:1092)<br />
              org.testng.TestNG.run(TestNG.java:1060)<br />
              com.intellij.rt.testng.IDEARemoteTestNG.run(IDEARemoteTestNG.java:66)<br />
              com.intellij.rt.testng.RemoteTestNGStarter.main(RemoteTestNGStarter.java:105)<br />
                </div>
      </td>
</tr>
      </table>


  <table class="resultsTable">
    <tr><th colspan="3" class="header passed">Passed Tests</th></tr>
          <tr>
        <td colspan="3" class="group">com.xyz.bank.demo.testsuite.BankTest</td>
      </tr>
            
<tr>
  <td class="method">
                  bankManagerShouldAddCustomerSuccessfully
      </td>
  <td class="duration">
    1.511s
  </td>
  <td class="result">
        
    
            <div class="testOutput">
                        Click on BankManager Login[[ChromeDriver: chrome on windows (831f9e793485198e71e4a02d55bf02e2)] -&gt; xpath: //button[contains(text(),&apos;Bank Manager Login&apos;)]]<br />
                                Add New customer[[ChromeDriver: chrome on windows (831f9e793485198e71e4a02d55bf02e2)] -&gt; xpath: //button[contains(text(),&apos;Add Customer&apos;)]]<br />
                                Enter First Name[[ChromeDriver: chrome on windows (831f9e793485198e71e4a02d55bf02e2)] -&gt; xpath: //input[@placeholder=&apos;First Name&apos;]]<br />
                                Enter Last Name[[ChromeDriver: chrome on windows (831f9e793485198e71e4a02d55bf02e2)] -&gt; xpath: //input[@placeholder=&apos;Last Name&apos;]]<br />
                                Enter Postcode[[ChromeDriver: chrome on windows (831f9e793485198e71e4a02d55bf02e2)] -&gt; xpath: //input[@placeholder=&apos;Post Code&apos;]]<br />
                                Add Customer[[ChromeDriver: chrome on windows (831f9e793485198e71e4a02d55bf02e2)] -&gt; xpath: //button[@type=&apos;submit&apos;]]<br />
                  </div>
    

      </td>
</tr>
<tr>
  <td class="method">
                  bankManagerShouldOpenAccountSuccessfully
      </td>
  <td class="duration">
    1.503s
  </td>
  <td class="result">
        
    
            <div class="testOutput">
                        Click on BankManager Login[[ChromeDriver: chrome on windows (8a7ef1d44bbaf682cb87cdf9842d3b2b)] -&gt; xpath: //button[contains(text(),&apos;Bank Manager Login&apos;)]]<br />
                                Enter Withdraw[[ChromeDriver: chrome on windows (8a7ef1d44bbaf682cb87cdf9842d3b2b)] -&gt; xpath: //button[normalize-space()=&apos;Open Account&apos;]]<br />
                                Select Customer Name[[ChromeDriver: chrome on windows (8a7ef1d44bbaf682cb87cdf9842d3b2b)] -&gt; xpath: //select[@id=&apos;userSelect&apos;]]<br />
                                Select Currency[[ChromeDriver: chrome on windows (8a7ef1d44bbaf682cb87cdf9842d3b2b)] -&gt; xpath: //select[@id=&apos;currency&apos;]]<br />
                                Click On Process Button [[ChromeDriver: chrome on windows (8a7ef1d44bbaf682cb87cdf9842d3b2b)] -&gt; xpath: //button[normalize-space()=&apos;Process&apos;]]<br />
                                Click On Alert<br />
                  </div>
    

      </td>
</tr>
<tr>
  <td class="method">
                  customerShouldWithdrawMoneySuccessfully
      </td>
  <td class="duration">
    1.719s
  </td>
  <td class="result">
        
    
            <div class="testOutput">
                        Click On Customer Login [[ChromeDriver: chrome on windows (08b8e4860325db15cedf61ee57fedc00)] -&gt; xpath: //button[contains(text(),&apos;Customer Login&apos;)]]<br />
                                Select Customer Name[[ChromeDriver: chrome on windows (08b8e4860325db15cedf61ee57fedc00)] -&gt; xpath: //select[@id=&apos;userSelect&apos;]]<br />
                                Click On Login Button[[ChromeDriver: chrome on windows (08b8e4860325db15cedf61ee57fedc00)] -&gt; xpath: //button[@type=&apos;submit&apos;]]<br />
                                Click On Withdraw tab[[ChromeDriver: chrome on windows (08b8e4860325db15cedf61ee57fedc00)] -&gt; xpath: //button[normalize-space()=&apos;Withdrawl&apos;]]<br />
                                Enter Withdrawal Amount[[ChromeDriver: chrome on windows (08b8e4860325db15cedf61ee57fedc00)] -&gt; xpath: //input[@placeholder=&apos;amount&apos;]]<br />
                                Click on Withdraw Tab[[ChromeDriver: chrome on windows (08b8e4860325db15cedf61ee57fedc00)] -&gt; xpath: //button[normalize-space()=&apos;Withdraw&apos;]]<br />
                  </div>
    

      </td>
</tr>
      </table>
  
</body>
</html>
